06.10.2021 - 17:03:17 - [TAB v2.9.2] Group "default" is not defined in sorting list! This will result in players in that group not being sorted correctly. To fix this, add group "default" into &egroup-sorting-priority-list in config.yml. Your current list: [owner, admin, dev, mod, vip, member]
23.12.2021 - 20:18:10 - [TAB v3.0.1] Failed to enable. Did you just invent a new way to break the plugin by misconfiguring it?
23.12.2021 - 20:18:10 - java.nio.file.NoSuchFileException: plugins/TAB/premiumconfig.yml
23.12.2021 - 20:18:10 -        at java.base/sun.nio.fs.UnixException.translateToIOException(UnixException.java:92)
23.12.2021 - 20:18:10 -        at java.base/sun.nio.fs.UnixException.rethrowAsIOException(UnixException.java:106)
23.12.2021 - 20:18:10 -        at java.base/sun.nio.fs.UnixException.rethrowAsIOException(UnixException.java:111)
23.12.2021 - 20:18:10 -        at java.base/sun.nio.fs.UnixFileSystemProvider.implDelete(UnixFileSystemProvider.java:249)
23.12.2021 - 20:18:10 -        at java.base/sun.nio.fs.AbstractFileSystemProvider.delete(AbstractFileSystemProvider.java:105)
23.12.2021 - 20:18:10 -        at java.base/java.nio.file.Files.delete(Files.java:1152)
23.12.2021 - 20:18:10 -        at TAB_v3.0.1.jar//me.neznamy.tab.shared.config.Configs.createConfigYml(Configs.java:484)
23.12.2021 - 20:18:10 -        at TAB_v3.0.1.jar//me.neznamy.tab.shared.config.Configs.convertToV3(Configs.java:252)
23.12.2021 - 20:18:10 -        at TAB_v3.0.1.jar//me.neznamy.tab.shared.config.Configs.loadConfig(Configs.java:106)
23.12.2021 - 20:18:10 -        at TAB_v3.0.1.jar//me.neznamy.tab.shared.config.Configs.loadFiles(Configs.java:83)
23.12.2021 - 20:18:10 -        at TAB_v3.0.1.jar//me.neznamy.tab.shared.TAB.load(TAB.java:145)
23.12.2021 - 20:18:10 -        at TAB_v3.0.1.jar//me.neznamy.tab.platforms.bukkit.Main.onEnable(Main.java:52)
23.12.2021 - 20:18:10 -        at org.bukkit.plugin.java.JavaPlugin.setEnabled(JavaPlugin.java:264)
23.12.2021 - 20:18:10 -        at org.bukkit.plugin.java.JavaPluginLoader.enablePlugin(JavaPluginLoader.java:370)
23.12.2021 - 20:18:10 -        at org.bukkit.plugin.SimplePluginManager.enablePlugin(SimplePluginManager.java:500)
23.12.2021 - 20:18:10 -        at org.bukkit.craftbukkit.v1_18_R1.CraftServer.enablePlugin(CraftServer.java:564)
23.12.2021 - 20:18:10 -        at org.bukkit.craftbukkit.v1_18_R1.CraftServer.enablePlugins(CraftServer.java:478)
23.12.2021 - 20:18:10 -        at net.minecraft.server.MinecraftServer.loadWorld0(MinecraftServer.java:727)
23.12.2021 - 20:18:10 -        at net.minecraft.server.MinecraftServer.loadLevel(MinecraftServer.java:503)
23.12.2021 - 20:18:10 -        at net.minecraft.server.dedicated.DedicatedServer.e(DedicatedServer.java:313)
23.12.2021 - 20:18:10 -        at net.minecraft.server.MinecraftServer.w(MinecraftServer.java:1202)
23.12.2021 - 20:18:10 -        at net.minecraft.server.MinecraftServer.lambda$spin$0(MinecraftServer.java:317)
23.12.2021 - 20:18:10 -        at java.base/java.lang.Thread.run(Thread.java:833)
