[10/06/2019 | 10:53:42] Lobby was set by robert_beckley
[10/06/2019 | 11:53:23] robert_beckley recieved the kit
[10/06/2019 | 11:55:59] treetops was set to finished by robert_beckley
[13/07/2019 | 20:25:32] vally was set to finished by robert_beckley
[13/07/2019 | 20:34:27] vally spawn was reset by robert_beckley
[13/07/2019 | 20:34:33] vally was set to unfinished by robert_beckley
[13/07/2019 | 20:34:36] vally was set to finished by robert_beckley
[13/07/2019 | 20:35:38] vally spawn was reset by robert_beckley
[13/07/2019 | 20:37:16] vally spawn was reset by robert_beckley
[24/08/2019 | 15:10:00] robert_beckley recieved the kit
[24/08/2019 | 15:10:35] kingdom was set to finished by robert_beckley
[26/08/2019 | 13:24:07] robert_beckley recieved the kit
[26/08/2019 | 13:24:19] rainbow was set to finished by robert_beckley
[26/08/2019 | 13:26:54] robert_beckley recieved the kit
[26/08/2019 | 14:59:22] robert_beckley recieved the kit
[26/08/2019 | 15:08:10] tower was set to finished by robert_beckley
[26/08/2019 | 15:31:58] robert_beckley reloaded the Parkour config
[26/08/2019 | 15:32:01] robert_beckley reloaded the Parkour config
[10/09/2019 | 07:12:47] journey was set to finished by robert_beckley
[21/09/2019 | 08:01:55] robert_beckley reloaded the Parkour config
26/02/2021 | 12:47:58 Courses recreated: 1
