[16:59:55] [main/INFO]: Environment: authHost='https://authserver.mojang.com', accountsHost='https://api.mojang.com', sessionHost='https://sessionserver.mojang.com', servicesHost='https://api.minecraftservices.com', name='PROD'
[16:59:55] [main/INFO]: Reloading ResourceManager: Default, bukkit
[16:59:56] [Worker-Main-1/INFO]: Loaded 7 recipes
[16:59:57] [Server thread/INFO]: Starting minecraft server version 1.17.1
[16:59:57] [Server thread/INFO]: Loading properties
[16:59:57] [Server thread/INFO]: This server is running Paper version git-Paper-311 (MC: 1.17.1) (Implementing API version 1.17.1-R0.1-SNAPSHOT) (Git: a419941)
[16:59:57] [Server thread/INFO]: Server Ping Player Sample Count: 12
[16:59:57] [Server thread/INFO]: Using 4 threads for Netty based IO
[16:59:58] [Server thread/INFO]: Default game type: SURVIVAL
[16:59:58] [Server thread/INFO]: Generating keypair
[16:59:58] [Server thread/INFO]: Starting Minecraft server on 147.135.8.162:25577
[16:59:58] [Server thread/INFO]: Using epoll channel type
[16:59:58] [Server thread/INFO]: Paper: Using libdeflate (Linux x86_64) compression from Velocity.
[16:59:58] [Server thread/INFO]: Paper: Using OpenSSL 1.0.x (Linux x86_64) cipher from Velocity.
[16:59:59] [Server thread/ERROR]: [STDERR] [org.bukkit.craftbukkit.v1_17_R1.legacy.CraftLegacy] Initializing Legacy Material Support. Unless you have legacy plugins and/or data this is a bug!
[17:00:03] [Server thread/WARN]: Legacy plugin ServerListPlus v3.4.8 does not specify an api-version.
[17:00:03] [Server thread/WARN]: Legacy plugin HolographicScoreboard v1.5.2 does not specify an api-version.
[17:00:03] [Server thread/INFO]: [LuckPerms] Loading LuckPerms v5.3.69
[17:00:03] [Server thread/INFO]: [BountifulAPI] Loading BountifulAPI v1.6.4
[17:00:03] [Server thread/INFO]: [Vault] Loading Vault v1.7.3-b131
[17:00:03] [Server thread/INFO]: [ProtocolSupport] Loading ProtocolSupport v1.17.1-1
[17:00:03] [Server thread/INFO]: [ProtocolSupport] File log is not enabled
[17:00:03] [Server thread/INFO]: [ProtocolSupport] Detected Spigot server implementation type
[17:00:03] [Server thread/INFO]: [ProtocolSupport] Login threads keep alive time: 60
[17:00:03] [Server thread/INFO]: [ProtocolSupport] Status threads max count: 2, keep alive time: 60
[17:00:03] [Server thread/INFO]: [ProtocolSupport] Packet data pool per io thread capacity: 50 (total ~200 spread to 4 io threads)
[17:00:03] [Server thread/INFO]: [ProtocolSupport] Assume 1.5.2 ping delay: 100
[17:00:03] [Server thread/INFO]: [ProtocolSupport] Assume legacy ping delay: 200
[17:00:05] [Server thread/INFO]: [ProtocolSupport] Compression level: 3
[17:00:05] [Server thread/INFO]: [Multiverse-Core] Loading Multiverse-Core v4.2.2-b812
[17:00:05] [Server thread/INFO]: [ProtocolLib] Loading ProtocolLib v4.7.0
[17:00:06] [Server thread/INFO]: [WorldEdit] Loading WorldEdit v7.2.6+4b2d1e7
[17:00:06] [Server thread/INFO]: Got request to register class com.sk89q.worldedit.bukkit.BukkitServerInterface with WorldEdit [com.sk89q.worldedit.extension.platform.PlatformManager@38bd410f]
[17:00:06] [Server thread/INFO]: [Essentials] Loading Essentials v2.18.2.0
[17:00:06] [Server thread/INFO]: [EssentialsChat] Loading EssentialsChat v2.18.2.0
[17:00:06] [Server thread/INFO]: [Parkour] Loading Parkour v6.7.1
[17:00:06] [Server thread/INFO]: [TAB] Loading TAB v2.9.2
[17:00:06] [Server thread/INFO]: [HolographicDisplays] Loading HolographicDisplays v2.4.9
[17:00:06] [Server thread/INFO]: [ServerListPlus] Loading ServerListPlus v3.4.8
[17:00:06] [Server thread/INFO]: [EssentialsSpawn] Loading EssentialsSpawn v2.18.2.0
[17:00:06] [Server thread/INFO]: [WorldGuard] Loading WorldGuard v7.0.6+1cff55f
[17:00:06] [Server thread/INFO]: [CoreProtect] Loading CoreProtect v19.5
[17:00:06] [Server thread/INFO]: [TitleManager] Loading TitleManager v2.3.4
[17:00:06] [Server thread/INFO]: [HolographicScoreboard] Loading HolographicScoreboard v1.5.2
[17:00:06] [Server thread/INFO]: [Citizens] Loading Citizens v2.0.28-SNAPSHOT (build 2385)
[17:00:06] [Server thread/INFO]: [HolographicExtension] Loading HolographicExtension v1.10.9
[17:00:06] [Server thread/INFO]: Server permissions file permissions.yml is empty, ignoring it
[17:00:06] [Server thread/INFO]: [LuckPerms] Enabling LuckPerms v5.3.69
[17:00:06] [Server thread/INFO]:         __    
[17:00:06] [Server thread/INFO]:   |    |__)   LuckPerms v5.3.69
[17:00:06] [Server thread/INFO]:   |___ |      Running on Bukkit - Paper
[17:00:06] [Server thread/INFO]: 
[17:00:06] [Server thread/INFO]: [LuckPerms] Loading configuration...
[17:00:06] [Server thread/INFO]: [LuckPerms] Loading storage provider... [H2]
[17:00:07] [Server thread/INFO]: [LuckPerms] Loading internal permission managers...
[17:00:07] [Server thread/INFO]: [LuckPerms] Performing initial data load...
[17:00:07] [Server thread/INFO]: [LuckPerms] Successfully enabled. (took 995ms)
[17:00:07] [Server thread/INFO]: [Vault] Enabling Vault v1.7.3-b131
[17:00:07] [Server thread/WARN]: [Vault] Loaded class com.earth2me.essentials.api.Economy from Essentials v2.18.2.0 which is not a depend, softdepend or loadbefore of this plugin.
[17:00:07] [Server thread/INFO]: [Vault] [Economy] Essentials Economy found: Waiting
[17:00:07] [Server thread/INFO]: [Vault] [Permission] SuperPermissions loaded as backup permission system.
[17:00:07] [Server thread/INFO]: [Vault] Enabled Version 1.7.3-b131
[17:00:07] [Server thread/INFO]: [LuckPerms] Registered Vault permission & chat hook.
[17:00:07] [Server thread/INFO]: [ProtocolSupport] Enabling ProtocolSupport v1.17.1-1
[17:00:07] [Server thread/INFO]: [ProtocolLib] Enabling ProtocolLib v4.7.0
[17:00:07] [Server thread/INFO]: [ProtocolLib] Started structure compiler thread.
[17:00:07] [Server thread/INFO]: [WorldEdit] Enabling WorldEdit v7.2.6+4b2d1e7
[17:00:07] [Server thread/INFO]: Registering commands with com.sk89q.worldedit.bukkit.BukkitServerInterface
[17:00:07] [Server thread/INFO]: WEPIF: Vault detected! Using Vault for permissions
[17:00:08] [Server thread/INFO]: Using com.sk89q.worldedit.bukkit.adapter.impl.Spigot_v1_17_R1_2 as the Bukkit adapter
[17:00:08] [Server thread/INFO]: Preparing level "spawn"
[17:00:08] [Server thread/INFO]: -------- World Settings For [spawn] --------
[17:00:08] [Server thread/INFO]: Cactus Growth Modifier: 100%
[17:00:08] [Server thread/INFO]: Cane Growth Modifier: 100%
[17:00:08] [Server thread/INFO]: Melon Growth Modifier: 100%
[17:00:08] [Server thread/INFO]: Mushroom Growth Modifier: 100%
[17:00:08] [Server thread/INFO]: Pumpkin Growth Modifier: 100%
[17:00:08] [Server thread/INFO]: Sapling Growth Modifier: 100%
[17:00:08] [Server thread/INFO]: Beetroot Growth Modifier: 100%
[17:00:08] [Server thread/INFO]: Carrot Growth Modifier: 100%
[17:00:08] [Server thread/INFO]: Potato Growth Modifier: 100%
[17:00:08] [Server thread/INFO]: Wheat Growth Modifier: 100%
[17:00:08] [Server thread/INFO]: NetherWart Growth Modifier: 100%
[17:00:08] [Server thread/INFO]: Vine Growth Modifier: 100%
[17:00:08] [Server thread/INFO]: Cocoa Growth Modifier: 100%
[17:00:08] [Server thread/INFO]: Bamboo Growth Modifier: 100%
[17:00:08] [Server thread/INFO]: SweetBerry Growth Modifier: 100%
[17:00:08] [Server thread/INFO]: Kelp Growth Modifier: 100%
[17:00:08] [Server thread/INFO]: Experience Merge Radius: 3.0
[17:00:08] [Server thread/INFO]: Entity Activation Range: An 32 / Mo 32 / Ra 48 / Mi 16 / Tiv true
[17:00:08] [Server thread/INFO]: Hopper Transfer: 8 Hopper Check: 1 Hopper Amount: 1
[17:00:08] [Server thread/INFO]: Custom Map Seeds:  Village: 10387312 Desert: 14357617 Igloo: 14357618 Jungle: 14357619 Swamp: 14357620 Monument: 10387313 Ocean: 14357621 Shipwreck: 165745295 End City: 10387313 Slime: 987234911 Bastion: 30084232 Fortress: 30084232 Mansion: 10387319 Fossil: 14357921 Portal: 34222645
[17:00:08] [Server thread/INFO]: Max TNT Explosions: 100
[17:00:08] [Server thread/INFO]: Tile Max Tick Time: 50ms Entity max Tick Time: 50ms
[17:00:08] [Server thread/INFO]: Entity Tracking Range: Pl 48 / An 48 / Mo 48 / Mi 32 / Other 64
[17:00:08] [Server thread/INFO]: Allow Zombie Pigmen to spawn from portal blocks: true
[17:00:08] [Server thread/INFO]: Item Merge Radius: 2.5
[17:00:08] [Server thread/INFO]: Item Despawn Rate: 6000
[17:00:08] [Server thread/INFO]: View Distance: 10
[17:00:08] [Server thread/INFO]: Arrow Despawn Rate: 1200 Trident Respawn Rate:1200
[17:00:08] [Server thread/INFO]: Zombie Aggressive Towards Villager: true
[17:00:08] [Server thread/INFO]: Nerfing mobs spawned from spawners: false
[17:00:08] [Server thread/INFO]: Mob Spawn Range: 6
[17:00:09] [Server thread/INFO]: Preparing start region for dimension minecraft:overworld
[17:00:09] [Server thread/INFO]: Preparing spawn area: 0%
[17:00:09] [Server thread/INFO]: Preparing spawn area: 0%
[17:00:10] [Server thread/INFO]: Time elapsed: 921 ms
[17:00:10] [Server thread/INFO]: [BountifulAPI] Enabling BountifulAPI v1.6.4
[17:00:10] [Server thread/INFO]: BountifulAPI V1.6.4 has been enabled!
[17:00:10] [Server thread/INFO]: [Multiverse-Core] Enabling Multiverse-Core v4.2.2-b812
[17:00:10] [Server thread/WARN]: [Multiverse-Core] "Multiverse-Core v4.2.2-b812" has registered a listener for org.bukkit.event.entity.EntityCreatePortalEvent on method "public void com.onarandombox.MultiverseCore.listeners.MVPortalListener.entityPortalCreate(org.bukkit.event.entity.EntityCreatePortalEvent)", but the event is Deprecated. "Server performance will be affected"; please notify the authors [dumptruckman, Rigby, fernferret, lithium3141, main--].
[17:00:10] [Server thread/INFO]: [Multiverse-Core] We are aware of the warning about the deprecated event. There is no alternative that allows us to do what we need to do and performance impact is negligible. It is safe to ignore.
[17:00:10] [Server thread/WARN]: [Multiverse-Core] WorldManager: Can't load this world because the folder was deleted/moved: world
[17:00:10] [Server thread/WARN]: [Multiverse-Core] Use '/mv remove' to remove it from the config!
[17:00:10] [Server thread/WARN]: [Multiverse-Core] WorldManager: Can't load this world because the folder was deleted/moved: world_nether
[17:00:10] [Server thread/WARN]: [Multiverse-Core] Use '/mv remove' to remove it from the config!
[17:00:10] [Server thread/WARN]: [Multiverse-Core] WorldManager: Can't load this world because the folder was deleted/moved: spawn_nether
[17:00:10] [Server thread/WARN]: [Multiverse-Core] Use '/mv remove' to remove it from the config!
[17:00:10] [Server thread/INFO]: -------- World Settings For [Straight_Parkour] --------
[17:00:10] [Server thread/INFO]: Cactus Growth Modifier: 100%
[17:00:10] [Server thread/INFO]: Cane Growth Modifier: 100%
[17:00:10] [Server thread/INFO]: Melon Growth Modifier: 100%
[17:00:10] [Server thread/INFO]: Mushroom Growth Modifier: 100%
[17:00:10] [Server thread/INFO]: Pumpkin Growth Modifier: 100%
[17:00:10] [Server thread/INFO]: Sapling Growth Modifier: 100%
[17:00:10] [Server thread/INFO]: Beetroot Growth Modifier: 100%
[17:00:10] [Server thread/INFO]: Carrot Growth Modifier: 100%
[17:00:10] [Server thread/INFO]: Potato Growth Modifier: 100%
[17:00:10] [Server thread/INFO]: Wheat Growth Modifier: 100%
[17:00:10] [Server thread/INFO]: NetherWart Growth Modifier: 100%
[17:00:10] [Server thread/INFO]: Vine Growth Modifier: 100%
[17:00:10] [Server thread/INFO]: Cocoa Growth Modifier: 100%
[17:00:10] [Server thread/INFO]: Bamboo Growth Modifier: 100%
[17:00:10] [Server thread/INFO]: SweetBerry Growth Modifier: 100%
[17:00:10] [Server thread/INFO]: Kelp Growth Modifier: 100%
[17:00:10] [Server thread/INFO]: Experience Merge Radius: 3.0
[17:00:10] [Server thread/INFO]: Entity Activation Range: An 32 / Mo 32 / Ra 48 / Mi 16 / Tiv true
[17:00:10] [Server thread/INFO]: Hopper Transfer: 8 Hopper Check: 1 Hopper Amount: 1
[17:00:10] [Server thread/INFO]: Custom Map Seeds:  Village: 10387312 Desert: 14357617 Igloo: 14357618 Jungle: 14357619 Swamp: 14357620 Monument: 10387313 Ocean: 14357621 Shipwreck: 165745295 End City: 10387313 Slime: 987234911 Bastion: 30084232 Fortress: 30084232 Mansion: 10387319 Fossil: 14357921 Portal: 34222645
[17:00:10] [Server thread/INFO]: Max TNT Explosions: 100
[17:00:10] [Server thread/INFO]: Tile Max Tick Time: 50ms Entity max Tick Time: 50ms
[17:00:10] [Server thread/INFO]: Entity Tracking Range: Pl 48 / An 48 / Mo 48 / Mi 32 / Other 64
[17:00:10] [Server thread/INFO]: Allow Zombie Pigmen to spawn from portal blocks: true
[17:00:10] [Server thread/INFO]: Item Merge Radius: 2.5
[17:00:10] [Server thread/INFO]: Item Despawn Rate: 6000
[17:00:10] [Server thread/INFO]: View Distance: 10
[17:00:10] [Server thread/INFO]: Arrow Despawn Rate: 1200 Trident Respawn Rate:1200
[17:00:10] [Server thread/INFO]: Zombie Aggressive Towards Villager: true
[17:00:10] [Server thread/INFO]: Nerfing mobs spawned from spawners: false
[17:00:10] [Server thread/INFO]: Mob Spawn Range: 6
[17:00:11] [Server thread/INFO]: Preparing start region for dimension minecraft:straight_parkour
[17:00:11] [Server thread/INFO]: Preparing spawn area: 0%
[17:00:11] [Server thread/INFO]: Preparing spawn area: 0%
[17:00:11] [Server thread/INFO]: Time elapsed: 713 ms
[17:00:11] [Server thread/INFO]: [Multiverse-Core] 2 - World(s) loaded.
[17:00:11] [Server thread/WARN]: [Multiverse-Core] Buscript failed to load! The script command will be disabled!
[17:00:11] [Server thread/INFO]: [Multiverse-Core] Version 4.2.2-b812 (API v24) Enabled - By dumptruckman, Rigby, fernferret, lithium3141 and main--
[17:00:11] [Server thread/INFO]: [Essentials] Enabling Essentials v2.18.2.0
[17:00:11] [Server thread/ERROR]: [Essentials] You are running an unsupported server version!
[17:00:11] [Server thread/INFO]: [Essentials] Attempting to convert old kits in config.yml to new kits.yml
[17:00:11] [Server thread/INFO]: [Essentials] No kits found to migrate.
[17:00:12] [Server thread/INFO]: [Essentials] Loaded 25599 items from items.json.
[17:00:12] [Server thread/INFO]: [Essentials] Using locale en_US
[17:00:12] [Server thread/INFO]: [Essentials] ServerListPingEvent: Spigot iterator API
[17:00:12] [Server thread/INFO]: [Essentials] Starting Metrics. Opt-out using the global bStats config.
[17:00:12] [Server thread/INFO]: [Vault] [Economy] Essentials Economy hooked.
[17:00:12] [Server thread/INFO]: [Essentials] Using Vault based permissions (LuckPerms)
[17:00:12] [Server thread/INFO]: [EssentialsChat] Enabling EssentialsChat v2.18.2.0
[17:00:12] [Server thread/INFO]: [EssentialsChat] Starting Metrics. Opt-out using the global bStats config.
[17:00:12] [Server thread/INFO]: [Parkour] Enabling Parkour v6.7.1
[17:00:12] [Server thread/INFO]: [Parkour] [BountifulAPI] Successfully linked. Version: 1.6.4
[17:00:12] [Server thread/INFO]: [Parkour] [Vault] Successfully linked. Version: 1.7.3-b131
[17:00:12] [Server thread/INFO]: [Parkour] Enabled Parkour v6.7.1
[17:00:12] [Thread-12/INFO]: [Parkour] Checking for update...
[17:00:12] [Thread-12/INFO]: [Parkour] No update available.
[17:00:12] [Server thread/INFO]: [TAB] Enabling TAB v2.9.2
[17:00:12] [Server thread/INFO]: [TAB] Server version: 1.17.1 (v1_17_R1)
[17:00:12] [Server thread/INFO]: [TAB] Enabled in 47ms
[17:00:12] [Server thread/INFO]: [HolographicDisplays] Enabling HolographicDisplays v2.4.9
[17:00:12] [Server thread/INFO]: [HolographicDisplays] Enabled player relative placeholders with ProtocolLib.
[17:00:12] [Server thread/INFO]: [ServerListPlus] Enabling ServerListPlus v3.4.8*
[17:00:12] [Server thread/INFO]: [ServerListPlus] [Core] Reloading configuration...
[17:00:12] [Server thread/INFO]: [ServerListPlus] [Core] Saving configuration...
[17:00:12] [Server thread/WARN]: [ServerListPlus] [Core] Configuration is not enabled, nothing will be changed on the server! Please execute /slp enable to enable the configuration.
[17:00:12] [Server thread/INFO]: [ServerListPlus] [Core] Reloading saved player identities...
[17:00:12] [Server thread/INFO]: [ServerListPlus] Successfully loaded!
[17:00:12] [Server thread/INFO]: [ServerListPlus] ServerListPlus v3.4.8 enabled.
[17:00:12] [Server thread/INFO]: [EssentialsSpawn] Enabling EssentialsSpawn v2.18.2.0
[17:00:12] [Server thread/INFO]: [EssentialsSpawn] Starting Metrics. Opt-out using the global bStats config.
[17:00:12] [Server thread/INFO]: [WorldGuard] Enabling WorldGuard v7.0.6+1cff55f
[17:00:12] [Server thread/INFO]: [WorldGuard] (spawn) TNT ignition is PERMITTED.
[17:00:12] [Server thread/INFO]: [WorldGuard] (spawn) Lighters are PERMITTED.
[17:00:12] [Server thread/INFO]: [WorldGuard] (spawn) Lava fire is blocked.
[17:00:12] [Server thread/INFO]: [WorldGuard] (spawn) Fire spread is UNRESTRICTED.
[17:00:12] [Server thread/INFO]: [WorldGuard] Loaded configuration for world 'spawn'
[17:00:12] [Server thread/INFO]: [WorldGuard] (Straight_Parkour) TNT ignition is PERMITTED.
[17:00:12] [Server thread/INFO]: [WorldGuard] (Straight_Parkour) Lighters are PERMITTED.
[17:00:12] [Server thread/INFO]: [WorldGuard] (Straight_Parkour) Lava fire is blocked.
[17:00:12] [Server thread/INFO]: [WorldGuard] (Straight_Parkour) Fire spread is UNRESTRICTED.
[17:00:12] [Server thread/INFO]: [WorldGuard] Loaded configuration for world 'Straight_Parkour'
[17:00:12] [Server thread/INFO]: [WorldGuard] Loading region data...
[17:00:12] [Server thread/INFO]: [CoreProtect] Enabling CoreProtect v19.5
[17:00:12] [Server thread/INFO]: [CoreProtect] CoreProtect has been successfully enabled! 
[17:00:12] [Server thread/INFO]: [CoreProtect] Using SQLite for data storage.
[17:00:12] [Server thread/INFO]: --------------------
[17:00:12] [Server thread/INFO]: [CoreProtect] Enjoy CoreProtect? Join our Discord!
[17:00:12] [Server thread/INFO]: [CoreProtect] Discord: www.coreprotect.net/discord/
[17:00:12] [Server thread/INFO]: --------------------
[17:00:12] [Server thread/INFO]: [TitleManager] Enabling TitleManager v2.3.4
[17:00:13] [Server thread/INFO]: [HolographicScoreboard] Enabling HolographicScoreboard v1.5.2*
[17:00:13] [Server thread/INFO]: [Citizens] Enabling Citizens v2.0.28-SNAPSHOT (build 2385)
[17:00:13] [Server thread/INFO]: [HolographicExtension] Enabling HolographicExtension v1.10.9
[17:00:13] [Server thread/INFO]: [HolographicExtension] Starting HolographicExtension v1.10.9
[17:00:13] [Server thread/INFO]: [HolographicExtension] Registering placeholder 'example' from config.
[17:00:13] [Server thread/INFO]: [HolographicExtension] Registering placeholder 'scroller' from config.
[17:00:13] [Server thread/INFO]: [HolographicExtension] Registering placeholder 'typing' from config.
[17:00:13] [Server thread/INFO]: [HolographicExtension] Registering placeholder 'rainbow' from config.
[17:00:13] [Server thread/INFO]: [HolographicExtension] If you want to use the placeholder extension, please install ProtocolLib and PlaceholderAPI
[17:00:13] [Server thread/INFO]: Running delayed init tasks
[17:00:13] [Craft Scheduler Thread - 9 - Vault/INFO]: [Vault] Checking for Updates ... 
[17:00:13] [Server thread/INFO]: [CoreProtect] WorldEdit logging successfully initialized.
[17:00:13] [Server thread/INFO]: CONSOLE issued server command: /baltop 
[17:00:13] [Server thread/INFO]: [Citizens] Loaded 0 NPCs.
[17:00:13] [Server thread/INFO]: [BountifulAPI] No update was found, you are running the latest version.
[17:00:13] [Server thread/INFO]: Done (16.087s)! For help, type "help"
[17:00:13] [Craft Scheduler Thread - 9 - Vault/INFO]: [Vault] No new version available
[17:00:13] [Server thread/INFO]: Timings Reset
[17:00:14] [Thread-17/INFO]: --------------------
[17:00:14] [Thread-17/INFO]: [CoreProtect] Version 20.1 is now available.
[17:00:14] [Thread-17/INFO]: [CoreProtect] Download: www.coreprotect.net/download/
[17:00:14] [Thread-17/INFO]: --------------------
[17:00:43] [Server thread/INFO]: CONSOLE issued server command: /baltop 
[17:03:05] [LoginProcessingThread/INFO]: UUID of player AllanStrat is f0e7f028-4955-4dc8-8e40-d334ef0bd19a
[17:03:06] [Server thread/INFO]: AllanStrat[/37.120.215.76:58296] logged in with entity id 22 at ([spawn]-228.5, 26.0, 295.5)
[17:03:06] [Server thread/INFO]: [Member] AllanStrat Joined Parkour
[17:03:17] [Server thread/INFO]: [TAB] Disabled in 1ms
[17:03:17] [Server thread/INFO]: [TAB v2.9.2] Group "default" is not defined in sorting list! This will result in players in that group not being sorted correctly. To fix this, add group "default" into &egroup-sorting-priority-list in config.yml. Your current list: [owner, admin, dev, mod, vip, member]
[17:03:17] [Server thread/INFO]: [TAB] Enabled in 9ms
[17:03:17] [Server thread/INFO]: [TAB] Successfully reloaded
[17:03:21] [Server thread/INFO]: CONSOLE issued server command: /list 
[17:03:21] [Server thread/INFO]: There are 1 out of maximum 10 players online.
[17:03:21] [Server thread/INFO]: default: [Member] AllanStrat
[17:05:43] [Server thread/INFO]: CONSOLE issued server command: /baltop 
[17:06:29] [Server thread/INFO]: CONSOLE issued server command: /list 
[17:06:29] [Server thread/INFO]: There are 1 out of maximum 10 players online.
[17:06:29] [Server thread/INFO]: default: [Member] AllanStrat
[17:09:37] [Server thread/INFO]: CONSOLE issued server command: /list 
[17:09:37] [Server thread/INFO]: There are 1 out of maximum 10 players online.
[17:09:37] [Server thread/INFO]: default: [Member] AllanStrat
[17:09:53] [Server thread/INFO]: [ServerListPlus] Enabling ServerListPlus...
[17:09:53] [Server thread/INFO]: [ServerListPlus] [Core] Reloading configuration...
[17:09:53] [Server thread/INFO]: [ServerListPlus] [Core] Loaded configuration: ServerStatusConf
[17:09:53] [Server thread/INFO]: [ServerListPlus] [Core] Loaded configuration: PluginConf
[17:09:53] [Server thread/INFO]: [ServerListPlus] ServerListPlus has been successfully enabled!
[17:09:56] [Server thread/INFO]: AllanStrat lost connection: Disconnected
[17:09:56] [Server thread/INFO]: [Member] AllanStrat Left Parkour
[17:10:22] [Server thread/INFO]: [ServerListPlus] Reloading configuration...
[17:10:22] [Server thread/INFO]: [ServerListPlus] [Core] Reloading configuration...
[17:10:22] [Server thread/INFO]: [ServerListPlus] [Core] Loaded configuration: ServerStatusConf
[17:10:22] [Server thread/INFO]: [ServerListPlus] [Core] Loaded configuration: PluginConf
[17:10:22] [Server thread/INFO]: [ServerListPlus] Configuration successfully reloaded!
[17:10:43] [Server thread/INFO]: CONSOLE issued server command: /baltop 
[17:11:26] [Server thread/INFO]: [ServerListPlus] Reloading configuration...
[17:11:26] [Server thread/INFO]: [ServerListPlus] [Core] Reloading configuration...
[17:11:26] [Server thread/INFO]: [ServerListPlus] [Core] Loaded configuration: ServerStatusConf
[17:11:26] [Server thread/INFO]: [ServerListPlus] [Core] Loaded configuration: PluginConf
[17:11:26] [Server thread/INFO]: [ServerListPlus] Configuration successfully reloaded!
[17:12:45] [Server thread/INFO]: CONSOLE issued server command: /list 
[17:12:45] [Server thread/INFO]: There are 0 out of maximum 10 players online.
[17:13:07] [Server thread/INFO]: [ServerListPlus] Reloading configuration...
[17:13:07] [Server thread/INFO]: [ServerListPlus] [Core] Reloading configuration...
[17:13:07] [Server thread/INFO]: [ServerListPlus] [Core] Loaded configuration: ServerStatusConf
[17:13:07] [Server thread/INFO]: [ServerListPlus] [Core] Loaded configuration: PluginConf
[17:13:07] [Server thread/INFO]: [ServerListPlus] Configuration successfully reloaded!
[17:15:43] [Server thread/INFO]: CONSOLE issued server command: /baltop 
[17:15:52] [Server thread/INFO]: CONSOLE issued server command: /list 
[17:15:52] [Server thread/INFO]: There are 0 out of maximum 10 players online.
[17:19:00] [Server thread/INFO]: CONSOLE issued server command: /list 
[17:19:00] [Server thread/INFO]: There are 0 out of maximum 10 players online.
[17:20:43] [Server thread/INFO]: CONSOLE issued server command: /baltop 
[17:20:54] [LoginProcessingThread/INFO]: UUID of player AllanStrat is f0e7f028-4955-4dc8-8e40-d334ef0bd19a
[17:20:54] [Server thread/INFO]: AllanStrat[/37.120.215.76:56400] logged in with entity id 46 at ([spawn]-218.60988776491988, 26.0, 294.2784216611791)
[17:20:54] [Server thread/INFO]: [Member] AllanStrat Joined Parkour
[17:20:59] [Server thread/ERROR]: Invalid bounding box data, inverted bounds for: StructureBoundingBox{minX=2147483647, minY=2147483647, minZ=2147483647, maxX=-2147483648, maxY=-2147483648, maxZ=-2147483648}
[17:20:59] [Server thread/ERROR]: Exception loading structure piece with id minecraft:jigsaw
java.lang.IllegalStateException: Invalid call to EmtyPoolElement.getBoundingBox, filter me!
	at net.minecraft.world.level.levelgen.feature.structures.EmptyPoolElement.getBoundingBox(EmptyPoolElement.java:39) ~[app:?]
	at net.minecraft.world.level.levelgen.structure.PoolElementStructurePiece.<init>(PoolElementStructurePiece.java:57) ~[app:?]
	at net.minecraft.world.level.levelgen.feature.StructureFeature.loadStaticStart(StructureFeature.java:129) ~[patched_1.17.1.jar:git-Paper-311]
	at net.minecraft.world.level.chunk.storage.ChunkSerializer.unpackStructureStart(ChunkSerializer.java:773) ~[app:?]
	at net.minecraft.world.level.chunk.storage.ChunkSerializer.loadChunk(ChunkSerializer.java:319) ~[app:?]
	at com.destroystokyo.paper.io.chunk.ChunkLoadTask.executeTask(ChunkLoadTask.java:106) ~[patched_1.17.1.jar:git-Paper-311]
	at com.destroystokyo.paper.io.chunk.ChunkLoadTask.run(ChunkLoadTask.java:38) ~[patched_1.17.1.jar:git-Paper-311]
	at com.destroystokyo.paper.io.chunk.ChunkTaskManager.pollNextChunkTask(ChunkTaskManager.java:233) ~[patched_1.17.1.jar:git-Paper-311]
	at net.minecraft.server.level.ServerChunkCache$MainThreadExecutor.pollTask(ServerChunkCache.java:1240) ~[app:?]
	at net.minecraft.server.level.ServerChunkCache.pollTask(ServerChunkCache.java:839) ~[app:?]
	at net.minecraft.server.MinecraftServer.pollTaskInternal(MinecraftServer.java:1406) ~[patched_1.17.1.jar:git-Paper-311]
	at net.minecraft.server.MinecraftServer.pollTask(MinecraftServer.java:1389) ~[patched_1.17.1.jar:git-Paper-311]
	at net.minecraft.util.thread.BlockableEventLoop.managedBlock(BlockableEventLoop.java:132) ~[app:?]
	at net.minecraft.server.MinecraftServer.waitUntilNextTick(MinecraftServer.java:1367) ~[patched_1.17.1.jar:git-Paper-311]
	at net.minecraft.server.MinecraftServer.runServer(MinecraftServer.java:1278) ~[patched_1.17.1.jar:git-Paper-311]
	at net.minecraft.server.MinecraftServer.lambda$spin$0(MinecraftServer.java:319) ~[patched_1.17.1.jar:git-Paper-311]
	at java.lang.Thread.run(Thread.java:831) ~[?:?]
[17:20:59] [Server thread/ERROR]: Invalid bounding box data, inverted bounds for: StructureBoundingBox{minX=2147483647, minY=2147483647, minZ=2147483647, maxX=-2147483648, maxY=-2147483648, maxZ=-2147483648}
[17:20:59] [Server thread/ERROR]: Exception loading structure piece with id minecraft:jigsaw
java.lang.IllegalStateException: Invalid call to EmtyPoolElement.getBoundingBox, filter me!
	at net.minecraft.world.level.levelgen.feature.structures.EmptyPoolElement.getBoundingBox(EmptyPoolElement.java:39) ~[app:?]
	at net.minecraft.world.level.levelgen.structure.PoolElementStructurePiece.<init>(PoolElementStructurePiece.java:57) ~[app:?]
	at net.minecraft.world.level.levelgen.feature.StructureFeature.loadStaticStart(StructureFeature.java:129) ~[patched_1.17.1.jar:git-Paper-311]
	at net.minecraft.world.level.chunk.storage.ChunkSerializer.unpackStructureStart(ChunkSerializer.java:773) ~[app:?]
	at net.minecraft.world.level.chunk.storage.ChunkSerializer.loadChunk(ChunkSerializer.java:319) ~[app:?]
	at com.destroystokyo.paper.io.chunk.ChunkLoadTask.executeTask(ChunkLoadTask.java:106) ~[patched_1.17.1.jar:git-Paper-311]
	at com.destroystokyo.paper.io.chunk.ChunkLoadTask.run(ChunkLoadTask.java:38) ~[patched_1.17.1.jar:git-Paper-311]
	at com.destroystokyo.paper.io.chunk.ChunkTaskManager.pollNextChunkTask(ChunkTaskManager.java:233) ~[patched_1.17.1.jar:git-Paper-311]
	at net.minecraft.server.level.ServerChunkCache$MainThreadExecutor.pollTask(ServerChunkCache.java:1240) ~[app:?]
	at net.minecraft.server.level.ServerChunkCache.pollTask(ServerChunkCache.java:839) ~[app:?]
	at net.minecraft.server.MinecraftServer.pollTaskInternal(MinecraftServer.java:1406) ~[patched_1.17.1.jar:git-Paper-311]
	at net.minecraft.server.MinecraftServer.pollTask(MinecraftServer.java:1389) ~[patched_1.17.1.jar:git-Paper-311]
	at net.minecraft.util.thread.BlockableEventLoop.managedBlock(BlockableEventLoop.java:132) ~[app:?]
	at net.minecraft.server.MinecraftServer.waitUntilNextTick(MinecraftServer.java:1367) ~[patched_1.17.1.jar:git-Paper-311]
	at net.minecraft.server.MinecraftServer.runServer(MinecraftServer.java:1278) ~[patched_1.17.1.jar:git-Paper-311]
	at net.minecraft.server.MinecraftServer.lambda$spin$0(MinecraftServer.java:319) ~[patched_1.17.1.jar:git-Paper-311]
	at java.lang.Thread.run(Thread.java:831) ~[?:?]
[17:20:59] [Server thread/ERROR]: Invalid bounding box data, inverted bounds for: StructureBoundingBox{minX=2147483647, minY=2147483647, minZ=2147483647, maxX=-2147483648, maxY=-2147483648, maxZ=-2147483648}
[17:20:59] [Server thread/ERROR]: Exception loading structure piece with id minecraft:jigsaw
java.lang.IllegalStateException: Invalid call to EmtyPoolElement.getBoundingBox, filter me!
	at net.minecraft.world.level.levelgen.feature.structures.EmptyPoolElement.getBoundingBox(EmptyPoolElement.java:39) ~[app:?]
	at net.minecraft.world.level.levelgen.structure.PoolElementStructurePiece.<init>(PoolElementStructurePiece.java:57) ~[app:?]
	at net.minecraft.world.level.levelgen.feature.StructureFeature.loadStaticStart(StructureFeature.java:129) ~[patched_1.17.1.jar:git-Paper-311]
	at net.minecraft.world.level.chunk.storage.ChunkSerializer.unpackStructureStart(ChunkSerializer.java:773) ~[app:?]
	at net.minecraft.world.level.chunk.storage.ChunkSerializer.loadChunk(ChunkSerializer.java:319) ~[app:?]
	at com.destroystokyo.paper.io.chunk.ChunkLoadTask.executeTask(ChunkLoadTask.java:106) ~[patched_1.17.1.jar:git-Paper-311]
	at com.destroystokyo.paper.io.chunk.ChunkLoadTask.run(ChunkLoadTask.java:38) ~[patched_1.17.1.jar:git-Paper-311]
	at com.destroystokyo.paper.io.chunk.ChunkTaskManager.pollNextChunkTask(ChunkTaskManager.java:233) ~[patched_1.17.1.jar:git-Paper-311]
	at net.minecraft.server.level.ServerChunkCache$MainThreadExecutor.pollTask(ServerChunkCache.java:1240) ~[app:?]
	at net.minecraft.server.level.ServerChunkCache.pollTask(ServerChunkCache.java:839) ~[app:?]
	at net.minecraft.server.MinecraftServer.pollTaskInternal(MinecraftServer.java:1406) ~[patched_1.17.1.jar:git-Paper-311]
	at net.minecraft.server.MinecraftServer.pollTask(MinecraftServer.java:1389) ~[patched_1.17.1.jar:git-Paper-311]
	at net.minecraft.util.thread.BlockableEventLoop.managedBlock(BlockableEventLoop.java:132) ~[app:?]
	at net.minecraft.server.MinecraftServer.waitUntilNextTick(MinecraftServer.java:1367) ~[patched_1.17.1.jar:git-Paper-311]
	at net.minecraft.server.MinecraftServer.runServer(MinecraftServer.java:1278) ~[patched_1.17.1.jar:git-Paper-311]
	at net.minecraft.server.MinecraftServer.lambda$spin$0(MinecraftServer.java:319) ~[patched_1.17.1.jar:git-Paper-311]
	at java.lang.Thread.run(Thread.java:831) ~[?:?]
[17:21:01] [Server thread/ERROR]: Invalid bounding box data, inverted bounds for: StructureBoundingBox{minX=2147483647, minY=2147483647, minZ=2147483647, maxX=-2147483648, maxY=-2147483648, maxZ=-2147483648}
[17:21:01] [Server thread/ERROR]: Exception loading structure piece with id minecraft:jigsaw
java.lang.IllegalStateException: Invalid call to EmtyPoolElement.getBoundingBox, filter me!
	at net.minecraft.world.level.levelgen.feature.structures.EmptyPoolElement.getBoundingBox(EmptyPoolElement.java:39) ~[app:?]
	at net.minecraft.world.level.levelgen.structure.PoolElementStructurePiece.<init>(PoolElementStructurePiece.java:57) ~[app:?]
	at net.minecraft.world.level.levelgen.feature.StructureFeature.loadStaticStart(StructureFeature.java:129) ~[patched_1.17.1.jar:git-Paper-311]
	at net.minecraft.world.level.chunk.storage.ChunkSerializer.unpackStructureStart(ChunkSerializer.java:773) ~[app:?]
	at net.minecraft.world.level.chunk.storage.ChunkSerializer.loadChunk(ChunkSerializer.java:319) ~[app:?]
	at com.destroystokyo.paper.io.chunk.ChunkLoadTask.executeTask(ChunkLoadTask.java:106) ~[patched_1.17.1.jar:git-Paper-311]
	at com.destroystokyo.paper.io.chunk.ChunkLoadTask.run(ChunkLoadTask.java:38) ~[patched_1.17.1.jar:git-Paper-311]
	at com.destroystokyo.paper.io.chunk.ChunkTaskManager.pollNextChunkTask(ChunkTaskManager.java:233) ~[patched_1.17.1.jar:git-Paper-311]
	at net.minecraft.server.level.ServerChunkCache$MainThreadExecutor.pollTask(ServerChunkCache.java:1240) ~[app:?]
	at net.minecraft.server.level.ServerChunkCache.pollTask(ServerChunkCache.java:839) ~[app:?]
	at net.minecraft.server.MinecraftServer.pollTaskInternal(MinecraftServer.java:1406) ~[patched_1.17.1.jar:git-Paper-311]
	at net.minecraft.server.MinecraftServer.pollTask(MinecraftServer.java:1389) ~[patched_1.17.1.jar:git-Paper-311]
	at net.minecraft.util.thread.BlockableEventLoop.managedBlock(BlockableEventLoop.java:132) ~[app:?]
	at net.minecraft.server.MinecraftServer.waitUntilNextTick(MinecraftServer.java:1367) ~[patched_1.17.1.jar:git-Paper-311]
	at net.minecraft.server.MinecraftServer.runServer(MinecraftServer.java:1278) ~[patched_1.17.1.jar:git-Paper-311]
	at net.minecraft.server.MinecraftServer.lambda$spin$0(MinecraftServer.java:319) ~[patched_1.17.1.jar:git-Paper-311]
	at java.lang.Thread.run(Thread.java:831) ~[?:?]
[17:21:01] [Server thread/ERROR]: Invalid bounding box data, inverted bounds for: StructureBoundingBox{minX=2147483647, minY=2147483647, minZ=2147483647, maxX=-2147483648, maxY=-2147483648, maxZ=-2147483648}
[17:21:01] [Server thread/ERROR]: Exception loading structure piece with id minecraft:jigsaw
java.lang.IllegalStateException: Invalid call to EmtyPoolElement.getBoundingBox, filter me!
	at net.minecraft.world.level.levelgen.feature.structures.EmptyPoolElement.getBoundingBox(EmptyPoolElement.java:39) ~[app:?]
	at net.minecraft.world.level.levelgen.structure.PoolElementStructurePiece.<init>(PoolElementStructurePiece.java:57) ~[app:?]
	at net.minecraft.world.level.levelgen.feature.StructureFeature.loadStaticStart(StructureFeature.java:129) ~[patched_1.17.1.jar:git-Paper-311]
	at net.minecraft.world.level.chunk.storage.ChunkSerializer.unpackStructureStart(ChunkSerializer.java:773) ~[app:?]
	at net.minecraft.world.level.chunk.storage.ChunkSerializer.loadChunk(ChunkSerializer.java:319) ~[app:?]
	at com.destroystokyo.paper.io.chunk.ChunkLoadTask.executeTask(ChunkLoadTask.java:106) ~[patched_1.17.1.jar:git-Paper-311]
	at com.destroystokyo.paper.io.chunk.ChunkLoadTask.run(ChunkLoadTask.java:38) ~[patched_1.17.1.jar:git-Paper-311]
	at com.destroystokyo.paper.io.chunk.ChunkTaskManager.pollNextChunkTask(ChunkTaskManager.java:233) ~[patched_1.17.1.jar:git-Paper-311]
	at net.minecraft.server.level.ServerChunkCache$MainThreadExecutor.pollTask(ServerChunkCache.java:1240) ~[app:?]
	at net.minecraft.server.level.ServerChunkCache.pollTask(ServerChunkCache.java:839) ~[app:?]
	at net.minecraft.server.MinecraftServer.pollTaskInternal(MinecraftServer.java:1406) ~[patched_1.17.1.jar:git-Paper-311]
	at net.minecraft.server.MinecraftServer.pollTask(MinecraftServer.java:1389) ~[patched_1.17.1.jar:git-Paper-311]
	at net.minecraft.util.thread.BlockableEventLoop.managedBlock(BlockableEventLoop.java:132) ~[app:?]
	at net.minecraft.server.MinecraftServer.waitUntilNextTick(MinecraftServer.java:1367) ~[patched_1.17.1.jar:git-Paper-311]
	at net.minecraft.server.MinecraftServer.runServer(MinecraftServer.java:1278) ~[patched_1.17.1.jar:git-Paper-311]
	at net.minecraft.server.MinecraftServer.lambda$spin$0(MinecraftServer.java:319) ~[patched_1.17.1.jar:git-Paper-311]
	at java.lang.Thread.run(Thread.java:831) ~[?:?]
[17:21:01] [Server thread/ERROR]: Invalid bounding box data, inverted bounds for: StructureBoundingBox{minX=2147483647, minY=2147483647, minZ=2147483647, maxX=-2147483648, maxY=-2147483648, maxZ=-2147483648}
[17:21:01] [Server thread/ERROR]: Exception loading structure piece with id minecraft:jigsaw
java.lang.IllegalStateException: Invalid call to EmtyPoolElement.getBoundingBox, filter me!
	at net.minecraft.world.level.levelgen.feature.structures.EmptyPoolElement.getBoundingBox(EmptyPoolElement.java:39) ~[app:?]
	at net.minecraft.world.level.levelgen.structure.PoolElementStructurePiece.<init>(PoolElementStructurePiece.java:57) ~[app:?]
	at net.minecraft.world.level.levelgen.feature.StructureFeature.loadStaticStart(StructureFeature.java:129) ~[patched_1.17.1.jar:git-Paper-311]
	at net.minecraft.world.level.chunk.storage.ChunkSerializer.unpackStructureStart(ChunkSerializer.java:773) ~[app:?]
	at net.minecraft.world.level.chunk.storage.ChunkSerializer.loadChunk(ChunkSerializer.java:319) ~[app:?]
	at com.destroystokyo.paper.io.chunk.ChunkLoadTask.executeTask(ChunkLoadTask.java:106) ~[patched_1.17.1.jar:git-Paper-311]
	at com.destroystokyo.paper.io.chunk.ChunkLoadTask.run(ChunkLoadTask.java:38) ~[patched_1.17.1.jar:git-Paper-311]
	at com.destroystokyo.paper.io.chunk.ChunkTaskManager.pollNextChunkTask(ChunkTaskManager.java:233) ~[patched_1.17.1.jar:git-Paper-311]
	at net.minecraft.server.level.ServerChunkCache$MainThreadExecutor.pollTask(ServerChunkCache.java:1240) ~[app:?]
	at net.minecraft.server.level.ServerChunkCache.pollTask(ServerChunkCache.java:839) ~[app:?]
	at net.minecraft.server.MinecraftServer.pollTaskInternal(MinecraftServer.java:1406) ~[patched_1.17.1.jar:git-Paper-311]
	at net.minecraft.server.MinecraftServer.pollTask(MinecraftServer.java:1389) ~[patched_1.17.1.jar:git-Paper-311]
	at net.minecraft.util.thread.BlockableEventLoop.managedBlock(BlockableEventLoop.java:132) ~[app:?]
	at net.minecraft.server.MinecraftServer.waitUntilNextTick(MinecraftServer.java:1367) ~[patched_1.17.1.jar:git-Paper-311]
	at net.minecraft.server.MinecraftServer.runServer(MinecraftServer.java:1278) ~[patched_1.17.1.jar:git-Paper-311]
	at net.minecraft.server.MinecraftServer.lambda$spin$0(MinecraftServer.java:319) ~[patched_1.17.1.jar:git-Paper-311]
	at java.lang.Thread.run(Thread.java:831) ~[?:?]
[17:21:01] [Server thread/ERROR]: Invalid bounding box data, inverted bounds for: StructureBoundingBox{minX=2147483647, minY=2147483647, minZ=2147483647, maxX=-2147483648, maxY=-2147483648, maxZ=-2147483648}
[17:21:01] [Server thread/ERROR]: Exception loading structure piece with id minecraft:jigsaw
java.lang.IllegalStateException: Invalid call to EmtyPoolElement.getBoundingBox, filter me!
	at net.minecraft.world.level.levelgen.feature.structures.EmptyPoolElement.getBoundingBox(EmptyPoolElement.java:39) ~[app:?]
	at net.minecraft.world.level.levelgen.structure.PoolElementStructurePiece.<init>(PoolElementStructurePiece.java:57) ~[app:?]
	at net.minecraft.world.level.levelgen.feature.StructureFeature.loadStaticStart(StructureFeature.java:129) ~[patched_1.17.1.jar:git-Paper-311]
	at net.minecraft.world.level.chunk.storage.ChunkSerializer.unpackStructureStart(ChunkSerializer.java:773) ~[app:?]
	at net.minecraft.world.level.chunk.storage.ChunkSerializer.loadChunk(ChunkSerializer.java:319) ~[app:?]
	at com.destroystokyo.paper.io.chunk.ChunkLoadTask.executeTask(ChunkLoadTask.java:106) ~[patched_1.17.1.jar:git-Paper-311]
	at com.destroystokyo.paper.io.chunk.ChunkLoadTask.run(ChunkLoadTask.java:38) ~[patched_1.17.1.jar:git-Paper-311]
	at com.destroystokyo.paper.io.chunk.ChunkTaskManager.pollNextChunkTask(ChunkTaskManager.java:233) ~[patched_1.17.1.jar:git-Paper-311]
	at net.minecraft.server.level.ServerChunkCache$MainThreadExecutor.pollTask(ServerChunkCache.java:1240) ~[app:?]
	at net.minecraft.server.level.ServerChunkCache.pollTask(ServerChunkCache.java:839) ~[app:?]
	at net.minecraft.server.MinecraftServer.pollTaskInternal(MinecraftServer.java:1406) ~[patched_1.17.1.jar:git-Paper-311]
	at net.minecraft.server.MinecraftServer.pollTask(MinecraftServer.java:1389) ~[patched_1.17.1.jar:git-Paper-311]
	at net.minecraft.util.thread.BlockableEventLoop.managedBlock(BlockableEventLoop.java:132) ~[app:?]
	at net.minecraft.server.MinecraftServer.waitUntilNextTick(MinecraftServer.java:1367) ~[patched_1.17.1.jar:git-Paper-311]
	at net.minecraft.server.MinecraftServer.runServer(MinecraftServer.java:1278) ~[patched_1.17.1.jar:git-Paper-311]
	at net.minecraft.server.MinecraftServer.lambda$spin$0(MinecraftServer.java:319) ~[patched_1.17.1.jar:git-Paper-311]
	at java.lang.Thread.run(Thread.java:831) ~[?:?]
[17:21:01] [Server thread/ERROR]: Invalid bounding box data, inverted bounds for: StructureBoundingBox{minX=2147483647, minY=2147483647, minZ=2147483647, maxX=-2147483648, maxY=-2147483648, maxZ=-2147483648}
[17:21:01] [Server thread/ERROR]: Exception loading structure piece with id minecraft:jigsaw
java.lang.IllegalStateException: Invalid call to EmtyPoolElement.getBoundingBox, filter me!
	at net.minecraft.world.level.levelgen.feature.structures.EmptyPoolElement.getBoundingBox(EmptyPoolElement.java:39) ~[app:?]
	at net.minecraft.world.level.levelgen.structure.PoolElementStructurePiece.<init>(PoolElementStructurePiece.java:57) ~[app:?]
	at net.minecraft.world.level.levelgen.feature.StructureFeature.loadStaticStart(StructureFeature.java:129) ~[patched_1.17.1.jar:git-Paper-311]
	at net.minecraft.world.level.chunk.storage.ChunkSerializer.unpackStructureStart(ChunkSerializer.java:773) ~[app:?]
	at net.minecraft.world.level.chunk.storage.ChunkSerializer.loadChunk(ChunkSerializer.java:319) ~[app:?]
	at com.destroystokyo.paper.io.chunk.ChunkLoadTask.executeTask(ChunkLoadTask.java:106) ~[patched_1.17.1.jar:git-Paper-311]
	at com.destroystokyo.paper.io.chunk.ChunkLoadTask.run(ChunkLoadTask.java:38) ~[patched_1.17.1.jar:git-Paper-311]
	at com.destroystokyo.paper.io.chunk.ChunkTaskManager.pollNextChunkTask(ChunkTaskManager.java:233) ~[patched_1.17.1.jar:git-Paper-311]
	at net.minecraft.server.level.ServerChunkCache$MainThreadExecutor.pollTask(ServerChunkCache.java:1240) ~[app:?]
	at net.minecraft.server.level.ServerChunkCache.pollTask(ServerChunkCache.java:839) ~[app:?]
	at net.minecraft.server.MinecraftServer.pollTaskInternal(MinecraftServer.java:1406) ~[patched_1.17.1.jar:git-Paper-311]
	at net.minecraft.server.MinecraftServer.pollTask(MinecraftServer.java:1389) ~[patched_1.17.1.jar:git-Paper-311]
	at net.minecraft.util.thread.BlockableEventLoop.managedBlock(BlockableEventLoop.java:132) ~[app:?]
	at net.minecraft.server.MinecraftServer.waitUntilNextTick(MinecraftServer.java:1367) ~[patched_1.17.1.jar:git-Paper-311]
	at net.minecraft.server.MinecraftServer.runServer(MinecraftServer.java:1278) ~[patched_1.17.1.jar:git-Paper-311]
	at net.minecraft.server.MinecraftServer.lambda$spin$0(MinecraftServer.java:319) ~[patched_1.17.1.jar:git-Paper-311]
	at java.lang.Thread.run(Thread.java:831) ~[?:?]
[17:21:01] [Server thread/ERROR]: Invalid bounding box data, inverted bounds for: StructureBoundingBox{minX=2147483647, minY=2147483647, minZ=2147483647, maxX=-2147483648, maxY=-2147483648, maxZ=-2147483648}
[17:21:01] [Server thread/ERROR]: Exception loading structure piece with id minecraft:jigsaw
java.lang.IllegalStateException: Invalid call to EmtyPoolElement.getBoundingBox, filter me!
	at net.minecraft.world.level.levelgen.feature.structures.EmptyPoolElement.getBoundingBox(EmptyPoolElement.java:39) ~[app:?]
	at net.minecraft.world.level.levelgen.structure.PoolElementStructurePiece.<init>(PoolElementStructurePiece.java:57) ~[app:?]
	at net.minecraft.world.level.levelgen.feature.StructureFeature.loadStaticStart(StructureFeature.java:129) ~[patched_1.17.1.jar:git-Paper-311]
	at net.minecraft.world.level.chunk.storage.ChunkSerializer.unpackStructureStart(ChunkSerializer.java:773) ~[app:?]
	at net.minecraft.world.level.chunk.storage.ChunkSerializer.loadChunk(ChunkSerializer.java:319) ~[app:?]
	at com.destroystokyo.paper.io.chunk.ChunkLoadTask.executeTask(ChunkLoadTask.java:106) ~[patched_1.17.1.jar:git-Paper-311]
	at com.destroystokyo.paper.io.chunk.ChunkLoadTask.run(ChunkLoadTask.java:38) ~[patched_1.17.1.jar:git-Paper-311]
	at com.destroystokyo.paper.io.chunk.ChunkTaskManager.pollNextChunkTask(ChunkTaskManager.java:233) ~[patched_1.17.1.jar:git-Paper-311]
	at net.minecraft.server.level.ServerChunkCache$MainThreadExecutor.pollTask(ServerChunkCache.java:1240) ~[app:?]
	at net.minecraft.server.level.ServerChunkCache.pollTask(ServerChunkCache.java:839) ~[app:?]
	at net.minecraft.server.MinecraftServer.pollTaskInternal(MinecraftServer.java:1406) ~[patched_1.17.1.jar:git-Paper-311]
	at net.minecraft.server.MinecraftServer.pollTask(MinecraftServer.java:1389) ~[patched_1.17.1.jar:git-Paper-311]
	at net.minecraft.util.thread.BlockableEventLoop.managedBlock(BlockableEventLoop.java:132) ~[app:?]
	at net.minecraft.server.MinecraftServer.waitUntilNextTick(MinecraftServer.java:1367) ~[patched_1.17.1.jar:git-Paper-311]
	at net.minecraft.server.MinecraftServer.runServer(MinecraftServer.java:1278) ~[patched_1.17.1.jar:git-Paper-311]
	at net.minecraft.server.MinecraftServer.lambda$spin$0(MinecraftServer.java:319) ~[patched_1.17.1.jar:git-Paper-311]
	at java.lang.Thread.run(Thread.java:831) ~[?:?]
[17:21:01] [Server thread/ERROR]: Invalid bounding box data, inverted bounds for: StructureBoundingBox{minX=2147483647, minY=2147483647, minZ=2147483647, maxX=-2147483648, maxY=-2147483648, maxZ=-2147483648}
[17:21:01] [Server thread/ERROR]: Exception loading structure piece with id minecraft:jigsaw
java.lang.IllegalStateException: Invalid call to EmtyPoolElement.getBoundingBox, filter me!
	at net.minecraft.world.level.levelgen.feature.structures.EmptyPoolElement.getBoundingBox(EmptyPoolElement.java:39) ~[app:?]
	at net.minecraft.world.level.levelgen.structure.PoolElementStructurePiece.<init>(PoolElementStructurePiece.java:57) ~[app:?]
	at net.minecraft.world.level.levelgen.feature.StructureFeature.loadStaticStart(StructureFeature.java:129) ~[patched_1.17.1.jar:git-Paper-311]
	at net.minecraft.world.level.chunk.storage.ChunkSerializer.unpackStructureStart(ChunkSerializer.java:773) ~[app:?]
	at net.minecraft.world.level.chunk.storage.ChunkSerializer.loadChunk(ChunkSerializer.java:319) ~[app:?]
	at com.destroystokyo.paper.io.chunk.ChunkLoadTask.executeTask(ChunkLoadTask.java:106) ~[patched_1.17.1.jar:git-Paper-311]
	at com.destroystokyo.paper.io.chunk.ChunkLoadTask.run(ChunkLoadTask.java:38) ~[patched_1.17.1.jar:git-Paper-311]
	at com.destroystokyo.paper.io.chunk.ChunkTaskManager.pollNextChunkTask(ChunkTaskManager.java:233) ~[patched_1.17.1.jar:git-Paper-311]
	at net.minecraft.server.level.ServerChunkCache$MainThreadExecutor.pollTask(ServerChunkCache.java:1240) ~[app:?]
	at net.minecraft.server.level.ServerChunkCache.pollTask(ServerChunkCache.java:839) ~[app:?]
	at net.minecraft.server.MinecraftServer.pollTaskInternal(MinecraftServer.java:1406) ~[patched_1.17.1.jar:git-Paper-311]
	at net.minecraft.server.MinecraftServer.pollTask(MinecraftServer.java:1389) ~[patched_1.17.1.jar:git-Paper-311]
	at net.minecraft.util.thread.BlockableEventLoop.managedBlock(BlockableEventLoop.java:132) ~[app:?]
	at net.minecraft.server.MinecraftServer.waitUntilNextTick(MinecraftServer.java:1367) ~[patched_1.17.1.jar:git-Paper-311]
	at net.minecraft.server.MinecraftServer.runServer(MinecraftServer.java:1278) ~[patched_1.17.1.jar:git-Paper-311]
	at net.minecraft.server.MinecraftServer.lambda$spin$0(MinecraftServer.java:319) ~[patched_1.17.1.jar:git-Paper-311]
	at java.lang.Thread.run(Thread.java:831) ~[?:?]
[17:21:01] [Server thread/ERROR]: Invalid bounding box data, inverted bounds for: StructureBoundingBox{minX=2147483647, minY=2147483647, minZ=2147483647, maxX=-2147483648, maxY=-2147483648, maxZ=-2147483648}
[17:21:01] [Server thread/ERROR]: Exception loading structure piece with id minecraft:jigsaw
java.lang.IllegalStateException: Invalid call to EmtyPoolElement.getBoundingBox, filter me!
	at net.minecraft.world.level.levelgen.feature.structures.EmptyPoolElement.getBoundingBox(EmptyPoolElement.java:39) ~[app:?]
	at net.minecraft.world.level.levelgen.structure.PoolElementStructurePiece.<init>(PoolElementStructurePiece.java:57) ~[app:?]
	at net.minecraft.world.level.levelgen.feature.StructureFeature.loadStaticStart(StructureFeature.java:129) ~[patched_1.17.1.jar:git-Paper-311]
	at net.minecraft.world.level.chunk.storage.ChunkSerializer.unpackStructureStart(ChunkSerializer.java:773) ~[app:?]
	at net.minecraft.world.level.chunk.storage.ChunkSerializer.loadChunk(ChunkSerializer.java:319) ~[app:?]
	at com.destroystokyo.paper.io.chunk.ChunkLoadTask.executeTask(ChunkLoadTask.java:106) ~[patched_1.17.1.jar:git-Paper-311]
	at com.destroystokyo.paper.io.chunk.ChunkLoadTask.run(ChunkLoadTask.java:38) ~[patched_1.17.1.jar:git-Paper-311]
	at com.destroystokyo.paper.io.chunk.ChunkTaskManager.pollNextChunkTask(ChunkTaskManager.java:233) ~[patched_1.17.1.jar:git-Paper-311]
	at net.minecraft.server.level.ServerChunkCache$MainThreadExecutor.pollTask(ServerChunkCache.java:1240) ~[app:?]
	at net.minecraft.server.level.ServerChunkCache.pollTask(ServerChunkCache.java:839) ~[app:?]
	at net.minecraft.server.MinecraftServer.pollTaskInternal(MinecraftServer.java:1406) ~[patched_1.17.1.jar:git-Paper-311]
	at net.minecraft.server.MinecraftServer.pollTask(MinecraftServer.java:1389) ~[patched_1.17.1.jar:git-Paper-311]
	at net.minecraft.util.thread.BlockableEventLoop.managedBlock(BlockableEventLoop.java:132) ~[app:?]
	at net.minecraft.server.MinecraftServer.waitUntilNextTick(MinecraftServer.java:1367) ~[patched_1.17.1.jar:git-Paper-311]
	at net.minecraft.server.MinecraftServer.runServer(MinecraftServer.java:1278) ~[patched_1.17.1.jar:git-Paper-311]
	at net.minecraft.server.MinecraftServer.lambda$spin$0(MinecraftServer.java:319) ~[patched_1.17.1.jar:git-Paper-311]
	at java.lang.Thread.run(Thread.java:831) ~[?:?]
[17:21:01] [Server thread/ERROR]: Invalid bounding box data, inverted bounds for: StructureBoundingBox{minX=2147483647, minY=2147483647, minZ=2147483647, maxX=-2147483648, maxY=-2147483648, maxZ=-2147483648}
[17:21:01] [Server thread/ERROR]: Exception loading structure piece with id minecraft:jigsaw
java.lang.IllegalStateException: Invalid call to EmtyPoolElement.getBoundingBox, filter me!
	at net.minecraft.world.level.levelgen.feature.structures.EmptyPoolElement.getBoundingBox(EmptyPoolElement.java:39) ~[app:?]
	at net.minecraft.world.level.levelgen.structure.PoolElementStructurePiece.<init>(PoolElementStructurePiece.java:57) ~[app:?]
	at net.minecraft.world.level.levelgen.feature.StructureFeature.loadStaticStart(StructureFeature.java:129) ~[patched_1.17.1.jar:git-Paper-311]
	at net.minecraft.world.level.chunk.storage.ChunkSerializer.unpackStructureStart(ChunkSerializer.java:773) ~[app:?]
	at net.minecraft.world.level.chunk.storage.ChunkSerializer.loadChunk(ChunkSerializer.java:319) ~[app:?]
	at com.destroystokyo.paper.io.chunk.ChunkLoadTask.executeTask(ChunkLoadTask.java:106) ~[patched_1.17.1.jar:git-Paper-311]
	at com.destroystokyo.paper.io.chunk.ChunkLoadTask.run(ChunkLoadTask.java:38) ~[patched_1.17.1.jar:git-Paper-311]
	at com.destroystokyo.paper.io.chunk.ChunkTaskManager.pollNextChunkTask(ChunkTaskManager.java:233) ~[patched_1.17.1.jar:git-Paper-311]
	at net.minecraft.server.level.ServerChunkCache$MainThreadExecutor.pollTask(ServerChunkCache.java:1240) ~[app:?]
	at net.minecraft.server.level.ServerChunkCache.pollTask(ServerChunkCache.java:839) ~[app:?]
	at net.minecraft.server.MinecraftServer.pollTaskInternal(MinecraftServer.java:1406) ~[patched_1.17.1.jar:git-Paper-311]
	at net.minecraft.server.MinecraftServer.pollTask(MinecraftServer.java:1389) ~[patched_1.17.1.jar:git-Paper-311]
	at net.minecraft.util.thread.BlockableEventLoop.managedBlock(BlockableEventLoop.java:132) ~[app:?]
	at net.minecraft.server.MinecraftServer.waitUntilNextTick(MinecraftServer.java:1367) ~[patched_1.17.1.jar:git-Paper-311]
	at net.minecraft.server.MinecraftServer.runServer(MinecraftServer.java:1278) ~[patched_1.17.1.jar:git-Paper-311]
	at net.minecraft.server.MinecraftServer.lambda$spin$0(MinecraftServer.java:319) ~[patched_1.17.1.jar:git-Paper-311]
	at java.lang.Thread.run(Thread.java:831) ~[?:?]
[17:21:01] [Server thread/ERROR]: Invalid bounding box data, inverted bounds for: StructureBoundingBox{minX=2147483647, minY=2147483647, minZ=2147483647, maxX=-2147483648, maxY=-2147483648, maxZ=-2147483648}
[17:21:01] [Server thread/ERROR]: Exception loading structure piece with id minecraft:jigsaw
java.lang.IllegalStateException: Invalid call to EmtyPoolElement.getBoundingBox, filter me!
	at net.minecraft.world.level.levelgen.feature.structures.EmptyPoolElement.getBoundingBox(EmptyPoolElement.java:39) ~[app:?]
	at net.minecraft.world.level.levelgen.structure.PoolElementStructurePiece.<init>(PoolElementStructurePiece.java:57) ~[app:?]
	at net.minecraft.world.level.levelgen.feature.StructureFeature.loadStaticStart(StructureFeature.java:129) ~[patched_1.17.1.jar:git-Paper-311]
	at net.minecraft.world.level.chunk.storage.ChunkSerializer.unpackStructureStart(ChunkSerializer.java:773) ~[app:?]
	at net.minecraft.world.level.chunk.storage.ChunkSerializer.loadChunk(ChunkSerializer.java:319) ~[app:?]
	at com.destroystokyo.paper.io.chunk.ChunkLoadTask.executeTask(ChunkLoadTask.java:106) ~[patched_1.17.1.jar:git-Paper-311]
	at com.destroystokyo.paper.io.chunk.ChunkLoadTask.run(ChunkLoadTask.java:38) ~[patched_1.17.1.jar:git-Paper-311]
	at com.destroystokyo.paper.io.chunk.ChunkTaskManager.pollNextChunkTask(ChunkTaskManager.java:233) ~[patched_1.17.1.jar:git-Paper-311]
	at net.minecraft.server.level.ServerChunkCache$MainThreadExecutor.pollTask(ServerChunkCache.java:1240) ~[app:?]
	at net.minecraft.server.level.ServerChunkCache.pollTask(ServerChunkCache.java:839) ~[app:?]
	at net.minecraft.server.MinecraftServer.pollTaskInternal(MinecraftServer.java:1406) ~[patched_1.17.1.jar:git-Paper-311]
	at net.minecraft.server.MinecraftServer.pollTask(MinecraftServer.java:1389) ~[patched_1.17.1.jar:git-Paper-311]
	at net.minecraft.util.thread.BlockableEventLoop.managedBlock(BlockableEventLoop.java:132) ~[app:?]
	at net.minecraft.server.MinecraftServer.waitUntilNextTick(MinecraftServer.java:1367) ~[patched_1.17.1.jar:git-Paper-311]
	at net.minecraft.server.MinecraftServer.runServer(MinecraftServer.java:1278) ~[patched_1.17.1.jar:git-Paper-311]
	at net.minecraft.server.MinecraftServer.lambda$spin$0(MinecraftServer.java:319) ~[patched_1.17.1.jar:git-Paper-311]
	at java.lang.Thread.run(Thread.java:831) ~[?:?]
[17:21:01] [Server thread/ERROR]: Invalid bounding box data, inverted bounds for: StructureBoundingBox{minX=2147483647, minY=2147483647, minZ=2147483647, maxX=-2147483648, maxY=-2147483648, maxZ=-2147483648}
[17:21:01] [Server thread/ERROR]: Exception loading structure piece with id minecraft:jigsaw
java.lang.IllegalStateException: Invalid call to EmtyPoolElement.getBoundingBox, filter me!
	at net.minecraft.world.level.levelgen.feature.structures.EmptyPoolElement.getBoundingBox(EmptyPoolElement.java:39) ~[app:?]
	at net.minecraft.world.level.levelgen.structure.PoolElementStructurePiece.<init>(PoolElementStructurePiece.java:57) ~[app:?]
	at net.minecraft.world.level.levelgen.feature.StructureFeature.loadStaticStart(StructureFeature.java:129) ~[patched_1.17.1.jar:git-Paper-311]
	at net.minecraft.world.level.chunk.storage.ChunkSerializer.unpackStructureStart(ChunkSerializer.java:773) ~[app:?]
	at net.minecraft.world.level.chunk.storage.ChunkSerializer.loadChunk(ChunkSerializer.java:319) ~[app:?]
	at com.destroystokyo.paper.io.chunk.ChunkLoadTask.executeTask(ChunkLoadTask.java:106) ~[patched_1.17.1.jar:git-Paper-311]
	at com.destroystokyo.paper.io.chunk.ChunkLoadTask.run(ChunkLoadTask.java:38) ~[patched_1.17.1.jar:git-Paper-311]
	at com.destroystokyo.paper.io.chunk.ChunkTaskManager.pollNextChunkTask(ChunkTaskManager.java:233) ~[patched_1.17.1.jar:git-Paper-311]
	at net.minecraft.server.level.ServerChunkCache$MainThreadExecutor.pollTask(ServerChunkCache.java:1240) ~[app:?]
	at net.minecraft.server.level.ServerChunkCache.pollTask(ServerChunkCache.java:839) ~[app:?]
	at net.minecraft.server.MinecraftServer.pollTaskInternal(MinecraftServer.java:1406) ~[patched_1.17.1.jar:git-Paper-311]
	at net.minecraft.server.MinecraftServer.pollTask(MinecraftServer.java:1389) ~[patched_1.17.1.jar:git-Paper-311]
	at net.minecraft.util.thread.BlockableEventLoop.managedBlock(BlockableEventLoop.java:132) ~[app:?]
	at net.minecraft.server.MinecraftServer.waitUntilNextTick(MinecraftServer.java:1367) ~[patched_1.17.1.jar:git-Paper-311]
	at net.minecraft.server.MinecraftServer.runServer(MinecraftServer.java:1278) ~[patched_1.17.1.jar:git-Paper-311]
	at net.minecraft.server.MinecraftServer.lambda$spin$0(MinecraftServer.java:319) ~[patched_1.17.1.jar:git-Paper-311]
	at java.lang.Thread.run(Thread.java:831) ~[?:?]
